<?xml version="1.0" encoding="UTF-8"?>
<!-- Generated by org.testng.reporters.JUnitReportReporter -->
<testsuite hostname="ADMINRG-UOQQAH4" name="com.apex.prac.testing.LoginTest" tests="5" failures="0" timestamp="26 Jan 2020 04:13:08 GMT" time="67.454" errors="0">
  <testcase name="testInvalidUserNames" time="19.293" classname="com.apex.prac.testing.LoginTest"/>
  <testcase name="testValidUserNames" time="16.880" classname="com.apex.prac.testing.LoginTest"/>
  <testcase name="testLostPswdRegMail" time="9.615" classname="com.apex.prac.testing.LoginTest"/>
  <testcase name="testLostPswdNtRegMail" time="9.656" classname="com.apex.prac.testing.LoginTest"/>
  <testcase name="testBlankFields" time="12.010" classname="com.apex.prac.testing.LoginTest"/>
</testsuite> <!-- com.apex.prac.testing.LoginTest -->
