<?xml version="1.0" encoding="UTF-8"?>
<!-- Generated by org.testng.reporters.JUnitReportReporter -->
<testsuite hostname="ADMINRG-UOQQAH4" name="com.apex.prac.testing.LoginTest" tests="5" failures="0" timestamp="26 Jan 2020 15:42:46 GMT" time="62.178" errors="0">
  <testcase name="testLostPswdRegMail" time="8.638" classname="com.apex.prac.testing.LoginTest"/>
  <testcase name="testValidUserNames" time="16.380" classname="com.apex.prac.testing.LoginTest"/>
  <testcase name="testBlankFields" time="12.060" classname="com.apex.prac.testing.LoginTest"/>
  <testcase name="testLostPswdNtRegMail" time="7.533" classname="com.apex.prac.testing.LoginTest"/>
  <testcase name="testInvalidUserNames" time="17.567" classname="com.apex.prac.testing.LoginTest"/>
</testsuite> <!-- com.apex.prac.testing.LoginTest -->
